Using pre-set license
Built from '2020.2/staging' branch; Version is '2020.2.6f1 (8a2143876886) revision 9052483'; Using compiler version '192528614'; Build Type 'Release'
OS: 'Windows 10 Home; OS build 19042.867; Version 2009; 64bit' Language: 'en' Physical Memory: 16227 MB
BatchMode: 1, IsHumanControllingUs: 0, StartBugReporterOnCrash: 0, Is64bit: 1, IsPro: 0

 COMMAND LINE ARGUMENTS:
D:\Unity editors\2020.2.6f1\Editor\Unity.exe
-adb2
-batchMode
-noUpm
-name
AssetImportWorker0
-projectPath
D:/Github_D/ProjectBlok3/ProjectBlok3
-logFile
Logs/AssetImportWorker0.log
-srvPort
62636
Successfully changed project path to: D:/Github_D/ProjectBlok3/ProjectBlok3
D:/Github_D/ProjectBlok3/ProjectBlok3
Using Asset Import Pipeline V2.
Refreshing native plugins compatible for Editor in 61.83 ms, found 0 plugins.
Preloading 0 native plugins for Editor in 0.00 ms.
Initialize engine version: 2020.2.6f1 (8a2143876886)
[Subsystems] Discovering subsystems at path D:/Unity editors/2020.2.6f1/Editor/Data/Resources/UnitySubsystems
[Subsystems] Discovering subsystems at path D:/Github_D/ProjectBlok3/ProjectBlok3/Assets
GfxDevice: creating device client; threaded=0
Direct3D:
    Version:  Direct3D 11.0 [level 11.1]
    Renderer: NVIDIA GeForce RTX 2060 (ID=0x1f11)
    Vendor:   
    VRAM:     5980 MB
    Driver:   26.21.14.4614
Initialize mono
Mono path[0] = 'D:/Unity editors/2020.2.6f1/Editor/Data/Managed'
Mono path[1] = 'D:/Unity editors/2020.2.6f1/Editor/Data/MonoBleedingEdge/lib/mono/unityjit'
Mono config path = 'D:/Unity editors/2020.2.6f1/Editor/Data/MonoBleedingEdge/etc'
Using monoOptions --debugger-agent=transport=dt_socket,embedding=1,server=y,suspend=n,address=127.0.0.1:56388
Begin MonoManager ReloadAssembly
Registering precompiled unity dll's ...
Register platform support module: D:/Unity editors/2020.2.6f1/Editor/Data/PlaybackEngines/WebGLSupport/UnityEditor.WebGL.Extensions.dll
Register platform support module: D:/Unity editors/2020.2.6f1/Editor/Data/PlaybackEngines/MacStandaloneSupport/UnityEditor.OSXStandalone.Extensions.dll
Register platform support module: D:/Unity editors/2020.2.6f1/Editor/Data/PlaybackEngines/WindowsStandaloneSupport/UnityEditor.WindowsStandalone.Extensions.dll
Register platform support module: D:/Unity editors/2020.2.6f1/Editor/Data/PlaybackEngines/LinuxStandaloneSupport/UnityEditor.LinuxStandalone.Extensions.dll
Registered in 0.001663 seconds.
Native extension for LinuxStandalone target not found
Native extension for WindowsStandalone target not found
Native extension for OSXStandalone target not found
Native extension for WebGL target not found
Refreshing native plugins compatible for Editor in 59.18 ms, found 0 plugins.
Preloading 0 native plugins for Editor in 0.00 ms.
Invoked RoslynAnalysisRunner static constructor.
RoslynAnalysisRunner will not be running.
RoslynAnalysisRunner has terminated.
Mono: successfully reloaded assembly
- Completed reload, in  1.485 seconds
Platform modules already initialized, skipping
Registering precompiled user dll's ...
Registered in 0.001086 seconds.
Begin MonoManager ReloadAssembly
Native extension for LinuxStandalone target not found
Native extension for WindowsStandalone target not found
Native extension for OSXStandalone target not found
Native extension for WebGL target not found
Refreshing native plugins compatible for Editor in 70.79 ms, found 0 plugins.
Preloading 0 native plugins for Editor in 0.00 ms.
Invoked RoslynAnalysisRunner static constructor.
RoslynAnalysisRunner will not be running.
RoslynAnalysisRunner has terminated.
Mono: successfully reloaded assembly
- Completed reload, in  1.016 seconds
Platform modules already initialized, skipping
========================================================================
Worker process is ready to serve import requests
Launched and connected shader compiler UnityShaderCompiler.exe after 0.06 seconds
Refreshing native plugins compatible for Editor in 1.65 ms, found 0 plugins.
Preloading 0 native plugins for Editor in 0.00 ms.
Unloading 3152 Unused Serialized files (Serialized files now loaded: 0)
System memory in use before: 138.3 MB.
System memory in use after: 138.5 MB.

Unloading 10 unused Assets to reduce memory usage. Loaded Objects now: 3598.
Total: 4.515900 ms (FindLiveObjects: 0.632400 ms CreateObjectMapping: 0.357100 ms MarkObjects: 3.411500 ms  DeleteObjects: 0.111600 ms)

========================================================================
Received Prepare
Registering precompiled user dll's ...
Registered in 0.001140 seconds.
Begin MonoManager ReloadAssembly
Native extension for LinuxStandalone target not found
Native extension for WindowsStandalone target not found
Native extension for OSXStandalone target not found
Native extension for WebGL target not found
Refreshing native plugins compatible for Editor in 0.49 ms, found 0 plugins.
Preloading 0 native plugins for Editor in 0.00 ms.
Invoked RoslynAnalysisRunner static constructor.
RoslynAnalysisRunner will not be running.
RoslynAnalysisRunner has terminated.
Mono: successfully reloaded assembly
- Completed reload, in  0.903 seconds
Platform modules already initialized, skipping
Refreshing native plugins compatible for Editor in 0.49 ms, found 0 plugins.
Preloading 0 native plugins for Editor in 0.00 ms.
Unloading 3054 Unused Serialized files (Serialized files now loaded: 0)
System memory in use before: 131.1 MB.
System memory in use after: 131.3 MB.

Unloading 5 unused Assets to reduce memory usage. Loaded Objects now: 3600.
Total: 2.241700 ms (FindLiveObjects: 0.252500 ms CreateObjectMapping: 0.143500 ms MarkObjects: 1.830500 ms  DeleteObjects: 0.014400 ms)

========================================================================
Received Import Request.
  path: Assets/MainGame/Art/Textures
  artifactKey: Guid(66d9fe783d7b3854e91de7da6aaa2b9d) Importer(815301076,1909f56bfc062723c751e8b465ee728b)
Start importing Assets/MainGame/Art/Textures using Guid(66d9fe783d7b3854e91de7da6aaa2b9d) Importer(815301076,1909f56bfc062723c751e8b465ee728b)  -> (artifact id: '436d5b7de9eb3258cd6a119e75eb3ff7') in 0.010309 seconds
  Import took 0.107464 seconds .

========================================================================
Received Import Request.
  Time since last request: 37.950419 seconds.
  path: Assets/MainGame/Sound/Sound Effects
  artifactKey: Guid(efd8610bc42ceab4cb21c721cc91a4b3) Importer(815301076,1909f56bfc062723c751e8b465ee728b)
Start importing Assets/MainGame/Sound/Sound Effects using Guid(efd8610bc42ceab4cb21c721cc91a4b3) Importer(815301076,1909f56bfc062723c751e8b465ee728b)  -> (artifact id: '4774962f30b088b30c7740d5834d9b4a') in 0.007065 seconds
  Import took 0.012674 seconds .

========================================================================
Received Import Request.
  Time since last request: 7.063334 seconds.
  path: Assets/MainGame/Sound/Music
  artifactKey: Guid(040f850cd633a654792e5ab7686122a9) Importer(815301076,1909f56bfc062723c751e8b465ee728b)
Start importing Assets/MainGame/Sound/Music using Guid(040f850cd633a654792e5ab7686122a9) Importer(815301076,1909f56bfc062723c751e8b465ee728b)  -> (artifact id: 'cc305b1b3e9362b3b45362209c3f09ee') in 0.006239 seconds
  Import took 0.010864 seconds .

AssetImportWorkerClient::OnTransportError - code=2 error=End of file
